Using pre-set license
Built from '2020.3/china_unity/release' branch; Version is '2020.3.2f1c1 (5fdc1e83a2fd) revision 6282270'; Using compiler version '192528614'; Build Type 'Release'
OS: 'Windows 10 Home China; OS build 19042.928; Version 2009; 64bit' Language: 'zh' Physical Memory: 8064 MB
BatchMode: 1, IsHumanControllingUs: 0, StartBugReporterOnCrash: 0, Is64bit: 1, IsPro: 0

 COMMAND LINE ARGUMENTS:
E:\Unity\Setup\2020.3.2f1c1\Editor\Unity.exe
-adb2
-batchMode
-noUpm
-name
AssetImportWorker0
-projectPath
F:/UnityProject/10. Fix weapon Rotation
-logFile
Logs/AssetImportWorker0.log
-srvPort
51471
Successfully changed project path to: F:/UnityProject/10. Fix weapon Rotation
F:/UnityProject/10. Fix weapon Rotation
Using Asset Import Pipeline V2.
Refreshing native plugins compatible for Editor in 37.44 ms, found 1 plugins.
Preloading 0 native plugins for Editor in 0.00 ms.
Initialize engine version: 2020.3.2f1c1 (5fdc1e83a2fd)
[Subsystems] Discovering subsystems at path E:/Unity/Setup/2020.3.2f1c1/Editor/Data/Resources/UnitySubsystems
[Subsystems] Discovering subsystems at path F:/UnityProject/10. Fix weapon Rotation/Assets
GfxDevice: creating device client; threaded=0
Direct3D:
    Version:  Direct3D 11.0 [level 11.1]
    Renderer: NVIDIA GeForce GTX 1060 (ID=0x1c20)
    Vendor:   
    VRAM:     6052 MB
    Driver:   27.21.14.6192
Initialize mono
Mono path[0] = 'E:/Unity/Setup/2020.3.2f1c1/Editor/Data/Managed'
Mono path[1] = 'E:/Unity/Setup/2020.3.2f1c1/Editor/Data/MonoBleedingEdge/lib/mono/unityjit'
Mono config path = 'E:/Unity/Setup/2020.3.2f1c1/Editor/Data/MonoBleedingEdge/etc'
Using monoOptions --debugger-agent=transport=dt_socket,embedding=1,server=y,suspend=n,address=127.0.0.1:56148
Begin MonoManager ReloadAssembly
Registering precompiled unity dll's ...
Register platform support module: E:/Unity/Setup/2020.3.2f1c1/Editor/Data/PlaybackEngines/WindowsStandaloneSupport/UnityEditor.WindowsStandalone.Extensions.dll
Registered in 0.000951 seconds.
Native extension for WindowsStandalone target not found
Refreshing native plugins compatible for Editor in 62.33 ms, found 1 plugins.
Preloading 0 native plugins for Editor in 0.00 ms.
Invoked RoslynAnalysisRunner static constructor.
RoslynAnalysisRunner will not be running.
RoslynAnalysisRunner has terminated.
Mono: successfully reloaded assembly
- Completed reload, in  0.853 seconds
Platform modules already initialized, skipping
Registering precompiled user dll's ...
Registered in 0.003534 seconds.
Begin MonoManager ReloadAssembly
Native extension for WindowsStandalone target not found
Refreshing native plugins compatible for Editor in 43.53 ms, found 1 plugins.
Preloading 0 native plugins for Editor in 0.00 ms.
Could not parse minor part '3' of Unity version '2020.3.2f1c1'.
Invoked RoslynAnalysisRunner static constructor.
RoslynAnalysisRunner will not be running.
RoslynAnalysisRunner has terminated.
Mono: successfully reloaded assembly
- Completed reload, in  1.236 seconds
Platform modules already initialized, skipping
========================================================================
Worker process is ready to serve import requests
Launched and connected shader compiler UnityShaderCompiler.exe after 0.12 seconds
Refreshing native plugins compatible for Editor in 0.61 ms, found 1 plugins.
Preloading 0 native plugins for Editor in 0.00 ms.
Unloading 2202 Unused Serialized files (Serialized files now loaded: 0)
System memory in use before: 98.3 MB.
System memory in use after: 98.4 MB.

Unloading 25 unused Assets to reduce memory usage. Loaded Objects now: 2645.
Total: 2.792900 ms (FindLiveObjects: 0.415200 ms CreateObjectMapping: 0.137500 ms MarkObjects: 2.149700 ms  DeleteObjects: 0.088200 ms)

========================================================================
Received Import Request.
  path: Assets/Scripts/Component/CharacterWeapon.cs
  artifactKey: Guid(eb081b2690c143f479938c9db16d9bd2) Importer(815301076,1909f56bfc062723c751e8b465ee728b)
Start importing Assets/Scripts/Component/CharacterWeapon.cs using Guid(eb081b2690c143f479938c9db16d9bd2) Importer(815301076,1909f56bfc062723c751e8b465ee728b)  -> (artifact id: 'adc4db4936d4d08fd1f45e9510669f52') in 0.204896 seconds
  Import took 0.345448 seconds .

========================================================================
Received Import Request.
  Time since last request: 0.000396 seconds.
  path: Assets/Scripts/Core/Character.cs
  artifactKey: Guid(11f78daed8412b2469af99bbbd51b05e) Importer(815301076,1909f56bfc062723c751e8b465ee728b)
Start importing Assets/Scripts/Core/Character.cs using Guid(11f78daed8412b2469af99bbbd51b05e) Importer(815301076,1909f56bfc062723c751e8b465ee728b)  -> (artifact id: '06f4bb53b8f6aec131796d7219947f19') in 0.010556 seconds
  Import took 0.066088 seconds .

========================================================================
Received Import Request.
  Time since last request: 65.831063 seconds.
  path: Assets/Scripts/Component/CharacterFilp.cs
  artifactKey: Guid(44b4203280dba2f4c84bb259fae6d020) Importer(815301076,1909f56bfc062723c751e8b465ee728b)
Start importing Assets/Scripts/Component/CharacterFilp.cs using Guid(44b4203280dba2f4c84bb259fae6d020) Importer(815301076,1909f56bfc062723c751e8b465ee728b)  -> (artifact id: 'ceb0c778befb73477b93675d30223196') in 0.018375 seconds
  Import took 0.047866 seconds .

========================================================================
Received Import Request.
  Time since last request: 174.802125 seconds.
  path: Assets/Scripts/Weapon/Weapon.cs
  artifactKey: Guid(68c9793b7946aa7439afb9aa4660dc0e) Importer(815301076,1909f56bfc062723c751e8b465ee728b)
Start importing Assets/Scripts/Weapon/Weapon.cs using Guid(68c9793b7946aa7439afb9aa4660dc0e) Importer(815301076,1909f56bfc062723c751e8b465ee728b)  -> (artifact id: '84812e96f8025052308c3d856af888bb') in 0.003509 seconds
  Import took 0.078016 seconds .

========================================================================
Received Import Request.
  Time since last request: 132.577318 seconds.
  path: Assets/Scripts/Component/CharacterMovement.cs
  artifactKey: Guid(bd2b4f4f560d03e499cdec0af2fae207) Importer(815301076,1909f56bfc062723c751e8b465ee728b)
Start importing Assets/Scripts/Component/CharacterMovement.cs using Guid(bd2b4f4f560d03e499cdec0af2fae207) Importer(815301076,1909f56bfc062723c751e8b465ee728b)  -> (artifact id: '0dfbee6d54ac5812984692bf10f640e7') in 0.002607 seconds
  Import took 0.024443 seconds .

========================================================================
Received Import Request.
  Time since last request: 0.023169 seconds.
  path: Assets/Scripts/Component/CharacterMovement.cs
  artifactKey: Guid(bd2b4f4f560d03e499cdec0af2fae207) Importer(815301076,1909f56bfc062723c751e8b465ee728b)
Start importing Assets/Scripts/Component/CharacterMovement.cs using Guid(bd2b4f4f560d03e499cdec0af2fae207) Importer(815301076,1909f56bfc062723c751e8b465ee728b)  -> (artifact id: '0dfbee6d54ac5812984692bf10f640e7') in 0.002490 seconds
  Import took 0.006171 seconds .

========================================================================
Received Import Request.
  Time since last request: 1.234735 seconds.
  path: Assets/Scripts/Component/CharacterComponent.cs
  artifactKey: Guid(145b86e865053084f94d1b764db64023) Importer(815301076,1909f56bfc062723c751e8b465ee728b)
Start importing Assets/Scripts/Component/CharacterComponent.cs using Guid(145b86e865053084f94d1b764db64023) Importer(815301076,1909f56bfc062723c751e8b465ee728b)  -> (artifact id: '0bd0545934eea49209b50f10286da0be') in 0.019674 seconds
  Import took 0.055662 seconds .

========================================================================
Received Prepare
Registering precompiled user dll's ...
Registered in 0.081904 seconds.
Begin MonoManager ReloadAssembly
Native extension for WindowsStandalone target not found
Refreshing native plugins compatible for Editor in 0.59 ms, found 1 plugins.
Preloading 0 native plugins for Editor in 0.00 ms.
Could not parse minor part '3' of Unity version '2020.3.2f1c1'.
Invoked RoslynAnalysisRunner static constructor.
RoslynAnalysisRunner will not be running.
RoslynAnalysisRunner has terminated.
Mono: successfully reloaded assembly
- Completed reload, in  1.087 seconds
Platform modules already initialized, skipping
Refreshing native plugins compatible for Editor in 0.41 ms, found 1 plugins.
Preloading 0 native plugins for Editor in 0.00 ms.
Unloading 2179 Unused Serialized files (Serialized files now loaded: 0)
System memory in use before: 96.5 MB.
System memory in use after: 96.7 MB.

Unloading 13 unused Assets to reduce memory usage. Loaded Objects now: 2649.
Total: 2.268700 ms (FindLiveObjects: 0.229400 ms CreateObjectMapping: 0.082800 ms MarkObjects: 1.935400 ms  DeleteObjects: 0.019300 ms)

========================================================================
Received Prepare
Registering precompiled user dll's ...
Registered in 0.003094 seconds.
Begin MonoManager ReloadAssembly
Native extension for WindowsStandalone target not found
Refreshing native plugins compatible for Editor in 0.53 ms, found 1 plugins.
Preloading 0 native plugins for Editor in 0.00 ms.
Could not parse minor part '3' of Unity version '2020.3.2f1c1'.
Invoked RoslynAnalysisRunner static constructor.
RoslynAnalysisRunner will not be running.
RoslynAnalysisRunner has terminated.
Mono: successfully reloaded assembly
- Completed reload, in  1.102 seconds
Platform modules already initialized, skipping
Refreshing native plugins compatible for Editor in 0.63 ms, found 1 plugins.
Preloading 0 native plugins for Editor in 0.00 ms.
Unloading 2179 Unused Serialized files (Serialized files now loaded: 0)
System memory in use before: 96.6 MB.
System memory in use after: 96.7 MB.

Unloading 13 unused Assets to reduce memory usage. Loaded Objects now: 2653.
Total: 2.427900 ms (FindLiveObjects: 0.244500 ms CreateObjectMapping: 0.093700 ms MarkObjects: 2.067800 ms  DeleteObjects: 0.018500 ms)

========================================================================
Received Prepare
Registering precompiled user dll's ...
Registered in 0.003138 seconds.
Begin MonoManager ReloadAssembly
Native extension for WindowsStandalone target not found
Refreshing native plugins compatible for Editor in 0.75 ms, found 1 plugins.
Preloading 0 native plugins for Editor in 0.00 ms.
Could not parse minor part '3' of Unity version '2020.3.2f1c1'.
Invoked RoslynAnalysisRunner static constructor.
RoslynAnalysisRunner will not be running.
RoslynAnalysisRunner has terminated.
Mono: successfully reloaded assembly
- Completed reload, in  1.081 seconds
Platform modules already initialized, skipping
Refreshing native plugins compatible for Editor in 0.46 ms, found 1 plugins.
Preloading 0 native plugins for Editor in 0.00 ms.
Unloading 2179 Unused Serialized files (Serialized files now loaded: 0)
System memory in use before: 96.6 MB.
System memory in use after: 96.7 MB.

Unloading 13 unused Assets to reduce memory usage. Loaded Objects now: 2657.
Total: 2.826800 ms (FindLiveObjects: 0.473400 ms CreateObjectMapping: 0.204900 ms MarkObjects: 2.127200 ms  DeleteObjects: 0.019200 ms)

========================================================================
Received Prepare
Registering precompiled user dll's ...
Registered in 0.002827 seconds.
Begin MonoManager ReloadAssembly
Native extension for WindowsStandalone target not found
Refreshing native plugins compatible for Editor in 0.40 ms, found 1 plugins.
Preloading 0 native plugins for Editor in 0.00 ms.
Could not parse minor part '3' of Unity version '2020.3.2f1c1'.
Invoked RoslynAnalysisRunner static constructor.
RoslynAnalysisRunner will not be running.
RoslynAnalysisRunner has terminated.
Mono: successfully reloaded assembly
- Completed reload, in  1.012 seconds
Platform modules already initialized, skipping
Refreshing native plugins compatible for Editor in 0.40 ms, found 1 plugins.
Preloading 0 native plugins for Editor in 0.00 ms.
Unloading 2179 Unused Serialized files (Serialized files now loaded: 0)
System memory in use before: 96.6 MB.
System memory in use after: 96.8 MB.

Unloading 13 unused Assets to reduce memory usage. Loaded Objects now: 2661.
Total: 2.493600 ms (FindLiveObjects: 0.334700 ms CreateObjectMapping: 0.166700 ms MarkObjects: 1.972600 ms  DeleteObjects: 0.018400 ms)

========================================================================
Received Prepare
Registering precompiled user dll's ...
Registered in 0.002445 seconds.
Begin MonoManager ReloadAssembly
Native extension for WindowsStandalone target not found
Refreshing native plugins compatible for Editor in 0.40 ms, found 1 plugins.
Preloading 0 native plugins for Editor in 0.00 ms.
Could not parse minor part '3' of Unity version '2020.3.2f1c1'.
Invoked RoslynAnalysisRunner static constructor.
RoslynAnalysisRunner will not be running.
RoslynAnalysisRunner has terminated.
Mono: successfully reloaded assembly
- Completed reload, in  0.957 seconds
Platform modules already initialized, skipping
Refreshing native plugins compatible for Editor in 0.40 ms, found 1 plugins.
Preloading 0 native plugins for Editor in 0.00 ms.
Unloading 2179 Unused Serialized files (Serialized files now loaded: 0)
System memory in use before: 96.6 MB.
System memory in use after: 96.8 MB.

Unloading 13 unused Assets to reduce memory usage. Loaded Objects now: 2665.
Total: 2.031700 ms (FindLiveObjects: 0.161500 ms CreateObjectMapping: 0.063200 ms MarkObjects: 1.788500 ms  DeleteObjects: 0.017400 ms)

AssetImportWorkerClient::OnTransportError - code=2 error=End of file
