Using pre-set license
Built from '2020.3/china_unity/release' branch; Version is '2020.3.2f1c1 (5fdc1e83a2fd) revision 6282270'; Using compiler version '192528614'; Build Type 'Release'
OS: 'Windows 10 Home China; OS build 19042.928; Version 2009; 64bit' Language: 'zh' Physical Memory: 8064 MB
BatchMode: 1, IsHumanControllingUs: 0, StartBugReporterOnCrash: 0, Is64bit: 1, IsPro: 0

 COMMAND LINE ARGUMENTS:
E:\Unity\Setup\2020.3.2f1c1\Editor\Unity.exe
-adb2
-batchMode
-noUpm
-name
AssetImportWorker0
-projectPath
F:/UnityProject/9. Ammo UI
-logFile
Logs/AssetImportWorker0.log
-srvPort
53117
Successfully changed project path to: F:/UnityProject/9. Ammo UI
F:/UnityProject/9. Ammo UI
Using Asset Import Pipeline V2.
Refreshing native plugins compatible for Editor in 40.35 ms, found 1 plugins.
Preloading 0 native plugins for Editor in 0.00 ms.
Initialize engine version: 2020.3.2f1c1 (5fdc1e83a2fd)
[Subsystems] Discovering subsystems at path E:/Unity/Setup/2020.3.2f1c1/Editor/Data/Resources/UnitySubsystems
[Subsystems] Discovering subsystems at path F:/UnityProject/9. Ammo UI/Assets
GfxDevice: creating device client; threaded=0
Direct3D:
    Version:  Direct3D 11.0 [level 11.1]
    Renderer: NVIDIA GeForce GTX 1060 (ID=0x1c20)
    Vendor:   
    VRAM:     6052 MB
    Driver:   27.21.14.6192
Initialize mono
Mono path[0] = 'E:/Unity/Setup/2020.3.2f1c1/Editor/Data/Managed'
Mono path[1] = 'E:/Unity/Setup/2020.3.2f1c1/Editor/Data/MonoBleedingEdge/lib/mono/unityjit'
Mono config path = 'E:/Unity/Setup/2020.3.2f1c1/Editor/Data/MonoBleedingEdge/etc'
Using monoOptions --debugger-agent=transport=dt_socket,embedding=1,server=y,suspend=n,address=127.0.0.1:56492
Begin MonoManager ReloadAssembly
Registering precompiled unity dll's ...
Register platform support module: E:/Unity/Setup/2020.3.2f1c1/Editor/Data/PlaybackEngines/WindowsStandaloneSupport/UnityEditor.WindowsStandalone.Extensions.dll
Registered in 0.001418 seconds.
Native extension for WindowsStandalone target not found
Refreshing native plugins compatible for Editor in 40.99 ms, found 1 plugins.
Preloading 0 native plugins for Editor in 0.00 ms.
Invoked RoslynAnalysisRunner static constructor.
RoslynAnalysisRunner will not be running.
RoslynAnalysisRunner has terminated.
Mono: successfully reloaded assembly
- Completed reload, in  0.847 seconds
Platform modules already initialized, skipping
Registering precompiled user dll's ...
Registered in 0.002501 seconds.
Begin MonoManager ReloadAssembly
Native extension for WindowsStandalone target not found
Refreshing native plugins compatible for Editor in 40.60 ms, found 1 plugins.
Preloading 0 native plugins for Editor in 0.00 ms.
Could not parse minor part '3' of Unity version '2020.3.2f1c1'.
Invoked RoslynAnalysisRunner static constructor.
RoslynAnalysisRunner will not be running.
RoslynAnalysisRunner has terminated.
Mono: successfully reloaded assembly
- Completed reload, in  1.148 seconds
Platform modules already initialized, skipping
========================================================================
Worker process is ready to serve import requests
Launched and connected shader compiler UnityShaderCompiler.exe after 0.08 seconds
Refreshing native plugins compatible for Editor in 0.89 ms, found 1 plugins.
Preloading 0 native plugins for Editor in 0.00 ms.
Unloading 2202 Unused Serialized files (Serialized files now loaded: 0)
System memory in use before: 98.4 MB.
System memory in use after: 98.4 MB.

Unloading 25 unused Assets to reduce memory usage. Loaded Objects now: 2645.
Total: 3.740600 ms (FindLiveObjects: 0.302200 ms CreateObjectMapping: 0.111800 ms MarkObjects: 3.235000 ms  DeleteObjects: 0.089800 ms)

========================================================================
Received Import Request.
  path: Assets/Scripts/Core/Character.cs
  artifactKey: Guid(11f78daed8412b2469af99bbbd51b05e) Importer(815301076,1909f56bfc062723c751e8b465ee728b)
Start importing Assets/Scripts/Core/Character.cs using Guid(11f78daed8412b2469af99bbbd51b05e) Importer(815301076,1909f56bfc062723c751e8b465ee728b)  -> (artifact id: 'efa8b0b84652e41967e829dd6fa44187') in 0.035042 seconds
  Import took 0.098291 seconds .

========================================================================
Received Import Request.
  Time since last request: 186.329432 seconds.
  path: Assets/Scripts/Component/CharacterWeapon.cs
  artifactKey: Guid(eb081b2690c143f479938c9db16d9bd2) Importer(815301076,1909f56bfc062723c751e8b465ee728b)
Start importing Assets/Scripts/Component/CharacterWeapon.cs using Guid(eb081b2690c143f479938c9db16d9bd2) Importer(815301076,1909f56bfc062723c751e8b465ee728b)  -> (artifact id: '356df75ab6e76d1cec55c622c758eae7') in 0.001901 seconds
  Import took 0.054016 seconds .

========================================================================
Received Import Request.
  Time since last request: 4.693602 seconds.
  path: Assets/Scripts/Manager/UIManager.cs
  artifactKey: Guid(7016c100e5b990846a7b07c18c4706e6) Importer(815301076,1909f56bfc062723c751e8b465ee728b)
Start importing Assets/Scripts/Manager/UIManager.cs using Guid(7016c100e5b990846a7b07c18c4706e6) Importer(815301076,1909f56bfc062723c751e8b465ee728b)  -> (artifact id: 'e6ff7755404ef1dd3010089bc4d03755') in 0.002654 seconds
  Import took 0.030506 seconds .

========================================================================
Received Import Request.
  Time since last request: 11487.069827 seconds.
  path: Assets/Scripts/Manager/UIManager.cs
  artifactKey: Guid(7016c100e5b990846a7b07c18c4706e6) Importer(815301076,1909f56bfc062723c751e8b465ee728b)
Start importing Assets/Scripts/Manager/UIManager.cs using Guid(7016c100e5b990846a7b07c18c4706e6) Importer(815301076,1909f56bfc062723c751e8b465ee728b)  -> (artifact id: '0ecf8b4b501ea85dd3cd6ba7ab5fdd88') in 0.129319 seconds
  Import took 0.731576 seconds .

========================================================================
Received Import Request.
  Time since last request: 101.880162 seconds.
  path: Assets/Scripts/Manager/UIManager.cs
  artifactKey: Guid(7016c100e5b990846a7b07c18c4706e6) Importer(815301076,1909f56bfc062723c751e8b465ee728b)
Start importing Assets/Scripts/Manager/UIManager.cs using Guid(7016c100e5b990846a7b07c18c4706e6) Importer(815301076,1909f56bfc062723c751e8b465ee728b)  -> (artifact id: 'bdba33284f654838d856df15ac9ce0e0') in 0.005051 seconds
  Import took 0.125474 seconds .

========================================================================
Received Prepare
Registering precompiled user dll's ...
Registered in 0.048442 seconds.
Begin MonoManager ReloadAssembly
Native extension for WindowsStandalone target not found
Refreshing native plugins compatible for Editor in 0.47 ms, found 1 plugins.
Preloading 0 native plugins for Editor in 0.00 ms.
Could not parse minor part '3' of Unity version '2020.3.2f1c1'.
Invoked RoslynAnalysisRunner static constructor.
RoslynAnalysisRunner will not be running.
RoslynAnalysisRunner has terminated.
Mono: successfully reloaded assembly
- Completed reload, in  2.729 seconds
Platform modules already initialized, skipping
Refreshing native plugins compatible for Editor in 0.41 ms, found 1 plugins.
Preloading 0 native plugins for Editor in 0.00 ms.
Unloading 2179 Unused Serialized files (Serialized files now loaded: 0)
System memory in use before: 96.6 MB.
System memory in use after: 96.7 MB.

Unloading 13 unused Assets to reduce memory usage. Loaded Objects now: 2649.
Total: 50.244300 ms (FindLiveObjects: 0.335300 ms CreateObjectMapping: 0.109000 ms MarkObjects: 49.733100 ms  DeleteObjects: 0.064600 ms)

========================================================================
Received Import Request.
  Time since last request: 88.019522 seconds.
  path: Assets/Scripts/Manager/UIManager.cs
  artifactKey: Guid(7016c100e5b990846a7b07c18c4706e6) Importer(815301076,1909f56bfc062723c751e8b465ee728b)
Start importing Assets/Scripts/Manager/UIManager.cs using Guid(7016c100e5b990846a7b07c18c4706e6) Importer(815301076,1909f56bfc062723c751e8b465ee728b)  -> (artifact id: 'fa4f7e00521e6917345a371041c501cb') in 0.007299 seconds
  Import took 0.036277 seconds .

========================================================================
Received Import Request.
  Time since last request: 0.050096 seconds.
  path: Assets/Scripts/Manager/UIManager.cs
  artifactKey: Guid(7016c100e5b990846a7b07c18c4706e6) Importer(815301076,1909f56bfc062723c751e8b465ee728b)
Start importing Assets/Scripts/Manager/UIManager.cs using Guid(7016c100e5b990846a7b07c18c4706e6) Importer(815301076,1909f56bfc062723c751e8b465ee728b)  -> (artifact id: 'fa4f7e00521e6917345a371041c501cb') in 0.018650 seconds
  Import took 0.057494 seconds .

========================================================================
Received Prepare
Registering precompiled user dll's ...
Registered in 0.004432 seconds.
Begin MonoManager ReloadAssembly
Native extension for WindowsStandalone target not found
Refreshing native plugins compatible for Editor in 1.54 ms, found 1 plugins.
Preloading 0 native plugins for Editor in 0.00 ms.
Could not parse minor part '3' of Unity version '2020.3.2f1c1'.
Invoked RoslynAnalysisRunner static constructor.
RoslynAnalysisRunner will not be running.
RoslynAnalysisRunner has terminated.
Mono: successfully reloaded assembly
- Completed reload, in  1.296 seconds
Platform modules already initialized, skipping
Refreshing native plugins compatible for Editor in 0.43 ms, found 1 plugins.
Preloading 0 native plugins for Editor in 0.00 ms.
Unloading 2179 Unused Serialized files (Serialized files now loaded: 0)
System memory in use before: 96.6 MB.
System memory in use after: 96.7 MB.

Unloading 13 unused Assets to reduce memory usage. Loaded Objects now: 2653.
Total: 3.965800 ms (FindLiveObjects: 0.463100 ms CreateObjectMapping: 0.203600 ms MarkObjects: 3.273000 ms  DeleteObjects: 0.023700 ms)

========================================================================
Received Prepare
Registering precompiled user dll's ...
Registered in 0.002406 seconds.
Begin MonoManager ReloadAssembly
Native extension for WindowsStandalone target not found
Refreshing native plugins compatible for Editor in 0.60 ms, found 1 plugins.
Preloading 0 native plugins for Editor in 0.00 ms.
Could not parse minor part '3' of Unity version '2020.3.2f1c1'.
Invoked RoslynAnalysisRunner static constructor.
RoslynAnalysisRunner will not be running.
RoslynAnalysisRunner has terminated.
Mono: successfully reloaded assembly
- Completed reload, in  1.236 seconds
Platform modules already initialized, skipping
Refreshing native plugins compatible for Editor in 0.62 ms, found 1 plugins.
Preloading 0 native plugins for Editor in 0.00 ms.
Unloading 2179 Unused Serialized files (Serialized files now loaded: 0)
System memory in use before: 96.6 MB.
System memory in use after: 96.7 MB.

Unloading 13 unused Assets to reduce memory usage. Loaded Objects now: 2657.
Total: 2.471300 ms (FindLiveObjects: 0.244100 ms CreateObjectMapping: 0.106900 ms MarkObjects: 2.100600 ms  DeleteObjects: 0.018200 ms)

AssetImportWorkerClient::OnTransportError - code=2 error=End of file
